<?xml version="1.0" encoding="UTF-8"?>
<!-- Generated by org.testng.reporters.JUnitReportReporter -->
<testsuite skipped="2" hostname="ZSRIL-8XH1RV2" name="tests.TestCase" tests="2" failures="0" timestamp="2022-05-02T21:44:27 IST" time="0.000" errors="0">
  <testcase name="verifyValidDomain" time="0.000" classname="tests.TestCase">
    <skipped/>
  </testcase> <!-- verifyValidDomain -->
  <system-out/>
  <testcase name="verifyInvalidCompanyDomain" time="0.000" classname="tests.TestCase">
    <skipped/>
  </testcase> <!-- verifyInvalidCompanyDomain -->
  <system-out/>
</testsuite> <!-- tests.TestCase -->
